Using pre-set license
Built from '2021.3/staging' branch; Version is '2021.3.18f1 (3129e69bc0c7) revision 3221990'; Using compiler version '192829333'; Build Type 'Release'
OS: 'Windows 10  (10.0.19045) 64bit Professional' Language: 'en' Physical Memory: 15741 MB
BatchMode: 1, IsHumanControllingUs: 0, StartBugReporterOnCrash: 0, Is64bit: 1, IsPro: 1

COMMAND LINE ARGUMENTS:
C:\Program Files\Unity\Hub\Editor\2021.3.18f1\Editor\Unity.exe
-adb2
-batchMode
-noUpm
-name
AssetImportWorker2
-projectPath
D:/college/3-hk2/game/asg/520h0683_lab6/520h0683_terrain
-logFile
Logs/AssetImportWorker2.log
-srvPort
55688
Successfully changed project path to: D:/college/3-hk2/game/asg/520h0683_lab6/520h0683_terrain
D:/college/3-hk2/game/asg/520h0683_lab6/520h0683_terrain
[UnityMemory] Configuration Parameters - Can be set up in boot.config
    "memorysetup-bucket-allocator-granularity=16"
    "memorysetup-bucket-allocator-bucket-count=8"
    "memorysetup-bucket-allocator-block-size=33554432"
    "memorysetup-bucket-allocator-block-count=8"
    "memorysetup-main-allocator-block-size=16777216"
    "memorysetup-thread-allocator-block-size=16777216"
    "memorysetup-gfx-main-allocator-block-size=16777216"
    "memorysetup-gfx-thread-allocator-block-size=16777216"
    "memorysetup-cache-allocator-block-size=4194304"
    "memorysetup-typetree-allocator-block-size=2097152"
    "memorysetup-profiler-bucket-allocator-granularity=16"
    "memorysetup-profiler-bucket-allocator-bucket-count=8"
    "memorysetup-profiler-bucket-allocator-block-size=33554432"
    "memorysetup-profiler-bucket-allocator-block-count=8"
    "memorysetup-profiler-allocator-block-size=16777216"
    "memorysetup-profiler-editor-allocator-block-size=1048576"
    "memorysetup-temp-allocator-size-main=16777216"
    "memorysetup-job-temp-allocator-block-size=2097152"
    "memorysetup-job-temp-allocator-block-size-background=1048576"
    "memorysetup-job-temp-allocator-reduction-small-platforms=262144"
    "memorysetup-temp-allocator-size-background-worker=32768"
    "memorysetup-temp-allocator-size-job-worker=262144"
    "memorysetup-temp-allocator-size-preload-manager=33554432"
    "memorysetup-temp-allocator-size-nav-mesh-worker=65536"
    "memorysetup-temp-allocator-size-audio-worker=65536"
    "memorysetup-temp-allocator-size-cloud-worker=32768"
    "memorysetup-temp-allocator-size-gi-baking-worker=262144"
    "memorysetup-temp-allocator-size-gfx=262144"
Player connection [11052] Host "[IP] 192.168.1.18 [Port] 0 [Flags] 2 [Guid] 3707999078 [EditorId] 3707999078 [Version] 1048832 [Id] WindowsEditor(7,DESKTOP-K4IBJNU) [Debug] 1 [PackageName] WindowsEditor [ProjectName] Editor" joined multi-casting on [225.0.0.222:54997]...

Player connection [11052] Host "[IP] 192.168.1.18 [Port] 0 [Flags] 2 [Guid] 3707999078 [EditorId] 3707999078 [Version] 1048832 [Id] WindowsEditor(7,DESKTOP-K4IBJNU) [Debug] 1 [PackageName] WindowsEditor [ProjectName] Editor" joined alternative multi-casting on [225.0.0.222:34997]...

Refreshing native plugins compatible for Editor in 155.58 ms, found 3 plugins.
Preloading 0 native plugins for Editor in 0.00 ms.
Initialize engine version: 2021.3.18f1 (3129e69bc0c7)
[Subsystems] Discovering subsystems at path C:/Program Files/Unity/Hub/Editor/2021.3.18f1/Editor/Data/Resources/UnitySubsystems
[Subsystems] Discovering subsystems at path D:/college/3-hk2/game/asg/520h0683_lab6/520h0683_terrain/Assets
GfxDevice: creating device client; threaded=0; jobified=0
Direct3D:
    Version:  Direct3D 11.0 [level 11.1]
    Renderer: NVIDIA GeForce GTX 1650 Ti (ID=0x1f95)
    Vendor:   NVIDIA
    VRAM:     3962 MB
    Driver:   30.0.14.7219
Initialize mono
Mono path[0] = 'C:/Program Files/Unity/Hub/Editor/2021.3.18f1/Editor/Data/Managed'
Mono path[1] = 'C:/Program Files/Unity/Hub/Editor/2021.3.18f1/Editor/Data/MonoBleedingEdge/lib/mono/unityjit-win32'
Mono config path = 'C:/Program Files/Unity/Hub/Editor/2021.3.18f1/Editor/Data/MonoBleedingEdge/etc'
Using monoOptions --debugger-agent=transport=dt_socket,embedding=1,server=y,suspend=n,address=127.0.0.1:56776
Begin MonoManager ReloadAssembly
Registering precompiled unity dll's ...
Trying to register platform support module: C:/Program Files/Unity/Hub/Editor/2021.3.18f1/Editor/Data/PlaybackEngines/WebGLSupport/UnityEditor.WebGL.Extensions.dll (that doesn't exist). Retrying without overrides.
Platform support module is not available: C:/Program Files/Unity/Hub/Editor/2021.3.18f1/Editor/Data/PlaybackEngines/WebGLSupport/UnityEditor.WebGL.Extensions.dll
Register platform support module: C:/Program Files/Unity/Hub/Editor/2021.3.18f1/Editor/Data/PlaybackEngines/WindowsStandaloneSupport/UnityEditor.WindowsStandalone.Extensions.dll
Registered in 0.016438 seconds.
Native extension for WindowsStandalone target not found
Refreshing native plugins compatible for Editor in 225.60 ms, found 3 plugins.
Preloading 0 native plugins for Editor in 0.00 ms.
Mono: successfully reloaded assembly
- Completed reload, in  1.400 seconds
Domain Reload Profiling:
	ReloadAssembly (1401ms)
		BeginReloadAssembly (188ms)
			ExecutionOrderSort (0ms)
			DisableScriptedObjects (0ms)
			BackupInstance (0ms)
			ReleaseScriptingObjects (0ms)
			CreateAndSetChildDomain (2ms)
		EndReloadAssembly (996ms)
			LoadAssemblies (179ms)
			RebuildTransferFunctionScriptingTraits (0ms)
			SetupTypeCache (234ms)
			ReleaseScriptCaches (0ms)
			RebuildScriptCaches (48ms)
			SetupLoadedEditorAssemblies (603ms)
				LogAssemblyErrors (0ms)
				InitializePlatformSupportModulesInManaged (19ms)
				SetLoadedEditorAssemblies (0ms)
				RefreshPlugins (226ms)
				BeforeProcessingInitializeOnLoad (2ms)
				ProcessInitializeOnLoadAttributes (241ms)
				ProcessInitializeOnLoadMethodAttributes (115ms)
				AfterProcessingInitializeOnLoad (0ms)
				EditorAssembliesLoaded (0ms)
			ExecutionOrderSort2 (0ms)
			AwakeInstancesAfterBackupRestoration (0ms)
Platform modules already initialized, skipping
Registering precompiled user dll's ...
Registered in 0.010588 seconds.
Begin MonoManager ReloadAssembly
Symbol file LoadedFromMemory doesn't match image D:\college\3-hk2\game\asg\520h0683_lab6\520h0683_terrain\Library\PackageCache\com.unity.visualscripting@1.8.0\Editor\VisualScripting.Core\Dependencies\YamlDotNet\Unity.VisualScripting.YamlDotNet.dll
Symbol file LoadedFromMemory doesn't match image D:\college\3-hk2\game\asg\520h0683_lab6\520h0683_terrain\Library\PackageCache\com.unity.visualscripting@1.8.0\Editor\VisualScripting.Core\Dependencies\DotNetZip\Unity.VisualScripting.IonicZip.dll
Native extension for WindowsStandalone target not found
Refreshing native plugins compatible for Editor in 0.73 ms, found 3 plugins.
Preloading 0 native plugins for Editor in 0.00 ms.
Mono: successfully reloaded assembly
- Completed reload, in  1.958 seconds
Domain Reload Profiling:
	ReloadAssembly (1960ms)
		BeginReloadAssembly (177ms)
			ExecutionOrderSort (0ms)
			DisableScriptedObjects (9ms)
			BackupInstance (0ms)
			ReleaseScriptingObjects (0ms)
			CreateAndSetChildDomain (26ms)
		EndReloadAssembly (1571ms)
			LoadAssemblies (123ms)
			RebuildTransferFunctionScriptingTraits (0ms)
			SetupTypeCache (570ms)
			ReleaseScriptCaches (1ms)
			RebuildScriptCaches (81ms)
			SetupLoadedEditorAssemblies (695ms)
				LogAssemblyErrors (0ms)
				InitializePlatformSupportModulesInManaged (12ms)
				SetLoadedEditorAssemblies (1ms)
				RefreshPlugins (1ms)
				BeforeProcessingInitializeOnLoad (231ms)
				ProcessInitializeOnLoadAttributes (400ms)
				ProcessInitializeOnLoadMethodAttributes (33ms)
				AfterProcessingInitializeOnLoad (16ms)
				EditorAssembliesLoaded (0ms)
			ExecutionOrderSort2 (0ms)
			AwakeInstancesAfterBackupRestoration (17ms)
Platform modules already initialized, skipping
========================================================================
Worker process is ready to serve import requests
Launched and connected shader compiler UnityShaderCompiler.exe after 0.07 seconds
Refreshing native plugins compatible for Editor in 0.75 ms, found 3 plugins.
Preloading 0 native plugins for Editor in 0.00 ms.
Unloading 3061 Unused Serialized files (Serialized files now loaded: 0)
Unloading 24 unused Assets / (113.8 KB). Loaded Objects now: 3549.
Memory consumption went from 127.3 MB to 127.2 MB.
Total: 4.437300 ms (FindLiveObjects: 0.390700 ms CreateObjectMapping: 0.123400 ms MarkObjects: 3.696600 ms  DeleteObjects: 0.224800 ms)

AssetImportParameters requested are different than current active one (requested -> active):
  custom:video-decoder-ogg-theora: a1e56fd34408186e4bbccfd4996cb3dc -> 
  custom:container-muxer-webm: aa71ff27fc2769a1b78a27578f13a17b -> 
  custom:container-demuxer-webm: 4f35f7cbe854078d1ac9338744f61a02 -> 
  custom:video-encoder-webm-vp8: eb34c28f22e8b96e1ab97ce403110664 -> 
  custom:audio-encoder-webm-vorbis: bf7c407c2cedff20999df2af8eb42d56 -> 
  custom:framework-win-MediaFoundation: 216162199b28c13a410421893ffa2e32 -> 
  custom:container-demuxer-ogg: 62fdf1f143b41e24485cea50d1cbac27 -> 
  custom:video-decoder-webm-vp8: 9c59270c3fd7afecdb556c50c9e8de78 -> 
  custom:audio-decoder-ogg-vorbis: bf7c407c2cedff20999df2af8eb42d56 -> 
========================================================================
Received Import Request.
  Time since last request: 237728.927582 seconds.
  path: Assets/Scenes/SampleScene.unity
  artifactKey: Guid(9fc0d4010bbf28b4594072e72b8655ab) Importer(815301076,1909f56bfc062723c751e8b465ee728b)
Start importing Assets/Scenes/SampleScene.unity using Guid(9fc0d4010bbf28b4594072e72b8655ab) Importer(815301076,1909f56bfc062723c751e8b465ee728b)  -> (artifact id: 'd9ce6e6cccf7855e9f3eb3d8079e29e1') in 0.017317 seconds 
========================================================================
Received Import Request.
  Time since last request: 4.694913 seconds.
  path: Assets/Scenes/SampleScene
  artifactKey: Guid(3e74258aaf9ca5c4da26285f2a5164da) Importer(815301076,1909f56bfc062723c751e8b465ee728b)
Start importing Assets/Scenes/SampleScene using Guid(3e74258aaf9ca5c4da26285f2a5164da) Importer(815301076,1909f56bfc062723c751e8b465ee728b)  -> (artifact id: '1324d0ef645563dde1a0cfc461e4c5a4') in 0.017853 seconds 
========================================================================
Received Import Request.
  Time since last request: 0.053435 seconds.
  path: Assets/Scenes/SampleScene/LightingData.asset
  artifactKey: Guid(a7993e40e15fa9b43b1b7c995ed5c915) Importer(815301076,1909f56bfc062723c751e8b465ee728b)
Start importing Assets/Scenes/SampleScene/LightingData.asset using Guid(a7993e40e15fa9b43b1b7c995ed5c915) Importer(815301076,1909f56bfc062723c751e8b465ee728b)  -> (artifact id: '1edd04ded5f8961313518272802a2c23') in 0.053651 seconds 
========================================================================
Received Import Request.
  Time since last request: 21.280739 seconds.
  path: Assets/Scenes/TerrainGame.unity
  artifactKey: Guid(9fc0d4010bbf28b4594072e72b8655ab) Importer(815301076,1909f56bfc062723c751e8b465ee728b)
Start importing Assets/Scenes/TerrainGame.unity using Guid(9fc0d4010bbf28b4594072e72b8655ab) Importer(815301076,1909f56bfc062723c751e8b465ee728b)  -> (artifact id: '10ce1bccbcff3304f0845ca454164b58') in 0.020438 seconds 
========================================================================
Received Import Request.
  Time since last request: 104.302641 seconds.
  path: Assets/Scenes/MenuGame.unity
  artifactKey: Guid(fcd3d380175cd1b49bdc9583f8ab1aba) Importer(815301076,1909f56bfc062723c751e8b465ee728b)
Start importing Assets/Scenes/MenuGame.unity using Guid(fcd3d380175cd1b49bdc9583f8ab1aba) Importer(815301076,1909f56bfc062723c751e8b465ee728b)  -> (artifact id: '2b91f3c4b522af947d9a18a18ba41c8b') in 0.013484 seconds 
========================================================================
Received Import Request.
  Time since last request: 362.759467 seconds.
  path: Assets/TextMesh Pro/Resources/Fonts & Materials/LiberationSans SDF - Drop Shadow.mat
  artifactKey: Guid(e73a58f6e2794ae7b1b7e50b7fb811b0) Importer(815301076,1909f56bfc062723c751e8b465ee728b)
Start importing Assets/TextMesh Pro/Resources/Fonts & Materials/LiberationSans SDF - Drop Shadow.mat using Guid(e73a58f6e2794ae7b1b7e50b7fb811b0) Importer(815301076,1909f56bfc062723c751e8b465ee728b)  -> (artifact id: 'd5502e8f2338e48a62a876c6837ede49') in 0.356028 seconds 
========================================================================
Received Import Request.
  Time since last request: 0.000033 seconds.
  path: Assets/TextMesh Pro/Resources/Fonts & Materials/LiberationSans SDF.asset
  artifactKey: Guid(8f586378b4e144a9851e7b34d9b748ee) Importer(815301076,1909f56bfc062723c751e8b465ee728b)
Start importing Assets/TextMesh Pro/Resources/Fonts & Materials/LiberationSans SDF.asset using Guid(8f586378b4e144a9851e7b34d9b748ee) Importer(815301076,1909f56bfc062723c751e8b465ee728b)  -> (artifact id: '9f775a9cf19f3a65f75d5c2084be8c62') in 0.143139 seconds 
========================================================================
Received Import Request.
  Time since last request: 365.498622 seconds.
  path: Assets/TextMesh Pro/Resources/Fonts & Materials/LiberationSans SDF - Fallback.asset
  artifactKey: Guid(2e498d1c8094910479dc3e1b768306a4) Importer(815301076,1909f56bfc062723c751e8b465ee728b)
Start importing Assets/TextMesh Pro/Resources/Fonts & Materials/LiberationSans SDF - Fallback.asset using Guid(2e498d1c8094910479dc3e1b768306a4) Importer(815301076,1909f56bfc062723c751e8b465ee728b)  -> (artifact id: '470bc0c0f5d0e1de2d04b8c889196b32') in 0.043315 seconds 
========================================================================
Received Import Request.
  Time since last request: 81.337701 seconds.
  path: Assets/TextMesh Pro/Resources/TMP Settings.asset
  artifactKey: Guid(3f5b5dff67a942289a9defa416b206f3) Importer(815301076,1909f56bfc062723c751e8b465ee728b)
Start importing Assets/TextMesh Pro/Resources/TMP Settings.asset using Guid(3f5b5dff67a942289a9defa416b206f3) Importer(815301076,1909f56bfc062723c751e8b465ee728b)  -> (artifact id: '7d39d3b365ae06f4a5d582e5614ba55e') in 0.052664 seconds 
========================================================================
Received Import Request.
  Time since last request: 14.988777 seconds.
  path: Assets/Materials
  artifactKey: Guid(611bfd6f5ee31f1418dbb2cb4278adeb) Importer(815301076,1909f56bfc062723c751e8b465ee728b)
Start importing Assets/Materials using Guid(611bfd6f5ee31f1418dbb2cb4278adeb) Importer(815301076,1909f56bfc062723c751e8b465ee728b)  -> (artifact id: '73cc286c58bc7edde62d4d628bed79a1') in 0.011671 seconds 
========================================================================
Received Import Request.
  Time since last request: 0.064337 seconds.
  path: Assets/Materials/lambert1.mat
  artifactKey: Guid(fa470e85685fe4aeeb8013294f74d2bd) Importer(815301076,1909f56bfc062723c751e8b465ee728b)
Start importing Assets/Materials/lambert1.mat using Guid(fa470e85685fe4aeeb8013294f74d2bd) Importer(815301076,1909f56bfc062723c751e8b465ee728b)  -> (artifact id: 'e262b461258c975bff0c07b74541e1d1') in 0.033299 seconds 
========================================================================
Received Import Request.
  Time since last request: 0.000064 seconds.
  path: Assets/Materials/mat_tileConcreteFloor_var01.mat
  artifactKey: Guid(0af50ddc33696174a80604b4b4f8cd74) Importer(815301076,1909f56bfc062723c751e8b465ee728b)
Start importing Assets/Materials/mat_tileConcreteFloor_var01.mat using Guid(0af50ddc33696174a80604b4b4f8cd74) Importer(815301076,1909f56bfc062723c751e8b465ee728b)  -> (artifact id: 'a6c46941236cdb8bb13e31a97448e2af') in 0.048762 seconds 
========================================================================
Received Import Request.
  Time since last request: 0.000035 seconds.
  path: Assets/Materials/mat_metalCorrugated_var03.mat
  artifactKey: Guid(f5fa70cc883db974e9d246dc115abd74) Importer(815301076,1909f56bfc062723c751e8b465ee728b)
Start importing Assets/Materials/mat_metalCorrugated_var03.mat using Guid(f5fa70cc883db974e9d246dc115abd74) Importer(815301076,1909f56bfc062723c751e8b465ee728b)  -> (artifact id: 'fad304c22437bc9ff77b84db30fc38ab') in 0.049575 seconds 
========================================================================
Received Import Request.
  Time since last request: 0.000040 seconds.
  path: Assets/Materials/mat_propCrate.mat
  artifactKey: Guid(1f780f35094a21c48a5f81f2da93ac82) Importer(815301076,1909f56bfc062723c751e8b465ee728b)
Start importing Assets/Materials/mat_propCrate.mat using Guid(1f780f35094a21c48a5f81f2da93ac82) Importer(815301076,1909f56bfc062723c751e8b465ee728b)  -> (artifact id: '4b8cd764478ad0df282de279d6f73bee') in 0.023616 seconds 
========================================================================
Received Import Request.
  Time since last request: 0.000033 seconds.
  path: Assets/Materials/mat_tilePlywood_var04.mat
  artifactKey: Guid(d315bbf24456eb94bb68a26e71ec43e8) Importer(815301076,1909f56bfc062723c751e8b465ee728b)
Start importing Assets/Materials/mat_tilePlywood_var04.mat using Guid(d315bbf24456eb94bb68a26e71ec43e8) Importer(815301076,1909f56bfc062723c751e8b465ee728b)  -> (artifact id: 'bfdae27dc18738435e9778f0bb9ab542') in 0.025178 seconds 
========================================================================
Received Import Request.
  Time since last request: 0.000041 seconds.
  path: Assets/Materials/mat_tilePlywood_var02.mat
  artifactKey: Guid(78cb07cf44c0b0547af8ad1a9481def6) Importer(815301076,1909f56bfc062723c751e8b465ee728b)
Start importing Assets/Materials/mat_tilePlywood_var02.mat using Guid(78cb07cf44c0b0547af8ad1a9481def6) Importer(815301076,1909f56bfc062723c751e8b465ee728b)  -> (artifact id: 'e2fad54b45091d0ae754ef0aaf11f492') in 0.023243 seconds 
========================================================================
Received Import Request.
  Time since last request: 0.000046 seconds.
  path: Assets/Materials/mat_tilePlywood_var03.mat
  artifactKey: Guid(adf94f0716822fb4289be50ad3ce7bb8) Importer(815301076,1909f56bfc062723c751e8b465ee728b)
Start importing Assets/Materials/mat_tilePlywood_var03.mat using Guid(adf94f0716822fb4289be50ad3ce7bb8) Importer(815301076,1909f56bfc062723c751e8b465ee728b)  -> (artifact id: '5d9a08892c54ef19578b0ebd6b26eb6f') in 0.031664 seconds 
========================================================================
Received Import Request.
  Time since last request: 0.000027 seconds.
  path: Assets/Materials/mat_metalCorrugated_var02.mat
  artifactKey: Guid(272fabfdc7ac78447aeab561605e5f61) Importer(815301076,1909f56bfc062723c751e8b465ee728b)
Start importing Assets/Materials/mat_metalCorrugated_var02.mat using Guid(272fabfdc7ac78447aeab561605e5f61) Importer(815301076,1909f56bfc062723c751e8b465ee728b)  -> (artifact id: '954eb8e12e3b268f83c46f8fd2baf7b4') in 0.027844 seconds 
========================================================================
Received Import Request.
  Time since last request: 0.000030 seconds.
  path: Assets/Materials/mat_propContainer_var02.mat
  artifactKey: Guid(283848aad635188419d4bb4a220c1c37) Importer(815301076,1909f56bfc062723c751e8b465ee728b)
Start importing Assets/Materials/mat_propContainer_var02.mat using Guid(283848aad635188419d4bb4a220c1c37) Importer(815301076,1909f56bfc062723c751e8b465ee728b)  -> (artifact id: '9ed8845468f1ae534fa5714ede6ecf0f') in 0.025895 seconds 
========================================================================
Received Import Request.
  Time since last request: 0.000025 seconds.
  path: Assets/Materials/mat_metalCorrugated_var01_VRT.mat
  artifactKey: Guid(2cdc96ee7b427a14da2ed55c16acc1a3) Importer(815301076,1909f56bfc062723c751e8b465ee728b)
Start importing Assets/Materials/mat_metalCorrugated_var01_VRT.mat using Guid(2cdc96ee7b427a14da2ed55c16acc1a3) Importer(815301076,1909f56bfc062723c751e8b465ee728b)  -> (artifact id: 'f2a827cdbf2052682a34929a0d6f3d21') in 0.026735 seconds 
========================================================================
Received Import Request.
  Time since last request: 0.000029 seconds.
  path: Assets/Materials/mat_propContainer_var03.mat
  artifactKey: Guid(27e6f20577283204f9f31afa513c9743) Importer(815301076,1909f56bfc062723c751e8b465ee728b)
Start importing Assets/Materials/mat_propContainer_var03.mat using Guid(27e6f20577283204f9f31afa513c9743) Importer(815301076,1909f56bfc062723c751e8b465ee728b)  -> (artifact id: '933351dd978c9773f120a2fbdc9a269f') in 0.022143 seconds 
========================================================================
Received Import Request.
  Time since last request: 0.816852 seconds.
  path: Assets/Locomotion
  artifactKey: Guid(9c0284e542663db48b3087a477bca715) Importer(815301076,1909f56bfc062723c751e8b465ee728b)
Start importing Assets/Locomotion using Guid(9c0284e542663db48b3087a477bca715) Importer(815301076,1909f56bfc062723c751e8b465ee728b)  -> (artifact id: '6b6d88a43ec6f9f1399201f95a58be64') in 0.014518 seconds 
========================================================================
Received Import Request.
  Time since last request: 0.985013 seconds.
  path: Assets/Environment/Crate.prefab
  artifactKey: Guid(36cbf1aad94324748b199afd55539092) Importer(815301076,1909f56bfc062723c751e8b465ee728b)
Start importing Assets/Environment/Crate.prefab using Guid(36cbf1aad94324748b199afd55539092) Importer(815301076,1909f56bfc062723c751e8b465ee728b)  -> (artifact id: '6e2aa58a410319cbcf2e11c97cea3967') in 0.122787 seconds 
Editor requested this worker to shutdown with reason: Scaling down because of idle timeout
AssetImportWorker is now disconnected from the server
Process exiting
Exiting without the bug reporter. Application will terminate with return code 0