Using pre-set license
Built from '2021.3/staging' branch; Version is '2021.3.18f1 (3129e69bc0c7) revision 3221990'; Using compiler version '192829333'; Build Type 'Release'
OS: 'Windows 10  (10.0.19045) 64bit Professional' Language: 'en' Physical Memory: 15741 MB
BatchMode: 1, IsHumanControllingUs: 0, StartBugReporterOnCrash: 0, Is64bit: 1, IsPro: 1

COMMAND LINE ARGUMENTS:
C:\Program Files\Unity\Hub\Editor\2021.3.18f1\Editor\Unity.exe
-adb2
-batchMode
-noUpm
-name
AssetImportWorker1
-projectPath
D:/college/3-hk2/game/asg/520h0683_lab6/520h0683_terrain
-logFile
Logs/AssetImportWorker1.log
-srvPort
55688
Successfully changed project path to: D:/college/3-hk2/game/asg/520h0683_lab6/520h0683_terrain
D:/college/3-hk2/game/asg/520h0683_lab6/520h0683_terrain
[UnityMemory] Configuration Parameters - Can be set up in boot.config
    "memorysetup-bucket-allocator-granularity=16"
    "memorysetup-bucket-allocator-bucket-count=8"
    "memorysetup-bucket-allocator-block-size=33554432"
    "memorysetup-bucket-allocator-block-count=8"
    "memorysetup-main-allocator-block-size=16777216"
    "memorysetup-thread-allocator-block-size=16777216"
    "memorysetup-gfx-main-allocator-block-size=16777216"
    "memorysetup-gfx-thread-allocator-block-size=16777216"
    "memorysetup-cache-allocator-block-size=4194304"
    "memorysetup-typetree-allocator-block-size=2097152"
    "memorysetup-profiler-bucket-allocator-granularity=16"
    "memorysetup-profiler-bucket-allocator-bucket-count=8"
    "memorysetup-profiler-bucket-allocator-block-size=33554432"
    "memorysetup-profiler-bucket-allocator-block-count=8"
    "memorysetup-profiler-allocator-block-size=16777216"
    "memorysetup-profiler-editor-allocator-block-size=1048576"
    "memorysetup-temp-allocator-size-main=16777216"
    "memorysetup-job-temp-allocator-block-size=2097152"
    "memorysetup-job-temp-allocator-block-size-background=1048576"
    "memorysetup-job-temp-allocator-reduction-small-platforms=262144"
    "memorysetup-temp-allocator-size-background-worker=32768"
    "memorysetup-temp-allocator-size-job-worker=262144"
    "memorysetup-temp-allocator-size-preload-manager=33554432"
    "memorysetup-temp-allocator-size-nav-mesh-worker=65536"
    "memorysetup-temp-allocator-size-audio-worker=65536"
    "memorysetup-temp-allocator-size-cloud-worker=32768"
    "memorysetup-temp-allocator-size-gi-baking-worker=262144"
    "memorysetup-temp-allocator-size-gfx=262144"
Player connection [4004] Host "[IP] 192.168.1.18 [Port] 0 [Flags] 2 [Guid] 3738214811 [EditorId] 3738214811 [Version] 1048832 [Id] WindowsEditor(7,DESKTOP-K4IBJNU) [Debug] 1 [PackageName] WindowsEditor [ProjectName] Editor" joined multi-casting on [225.0.0.222:54997]...

Player connection [4004] Host "[IP] 192.168.1.18 [Port] 0 [Flags] 2 [Guid] 3738214811 [EditorId] 3738214811 [Version] 1048832 [Id] WindowsEditor(7,DESKTOP-K4IBJNU) [Debug] 1 [PackageName] WindowsEditor [ProjectName] Editor" joined alternative multi-casting on [225.0.0.222:34997]...

Refreshing native plugins compatible for Editor in 164.91 ms, found 3 plugins.
Preloading 0 native plugins for Editor in 0.00 ms.
Initialize engine version: 2021.3.18f1 (3129e69bc0c7)
[Subsystems] Discovering subsystems at path C:/Program Files/Unity/Hub/Editor/2021.3.18f1/Editor/Data/Resources/UnitySubsystems
[Subsystems] Discovering subsystems at path D:/college/3-hk2/game/asg/520h0683_lab6/520h0683_terrain/Assets
GfxDevice: creating device client; threaded=0; jobified=0
Direct3D:
    Version:  Direct3D 11.0 [level 11.1]
    Renderer: NVIDIA GeForce GTX 1650 Ti (ID=0x1f95)
    Vendor:   NVIDIA
    VRAM:     3962 MB
    Driver:   30.0.14.7219
Initialize mono
Mono path[0] = 'C:/Program Files/Unity/Hub/Editor/2021.3.18f1/Editor/Data/Managed'
Mono path[1] = 'C:/Program Files/Unity/Hub/Editor/2021.3.18f1/Editor/Data/MonoBleedingEdge/lib/mono/unityjit-win32'
Mono config path = 'C:/Program Files/Unity/Hub/Editor/2021.3.18f1/Editor/Data/MonoBleedingEdge/etc'
Using monoOptions --debugger-agent=transport=dt_socket,embedding=1,server=y,suspend=n,address=127.0.0.1:56772
Begin MonoManager ReloadAssembly
Registering precompiled unity dll's ...
Trying to register platform support module: C:/Program Files/Unity/Hub/Editor/2021.3.18f1/Editor/Data/PlaybackEngines/WebGLSupport/UnityEditor.WebGL.Extensions.dll (that doesn't exist). Retrying without overrides.
Platform support module is not available: C:/Program Files/Unity/Hub/Editor/2021.3.18f1/Editor/Data/PlaybackEngines/WebGLSupport/UnityEditor.WebGL.Extensions.dll
Register platform support module: C:/Program Files/Unity/Hub/Editor/2021.3.18f1/Editor/Data/PlaybackEngines/WindowsStandaloneSupport/UnityEditor.WindowsStandalone.Extensions.dll
Registered in 0.011622 seconds.
Native extension for WindowsStandalone target not found
Refreshing native plugins compatible for Editor in 145.37 ms, found 3 plugins.
Preloading 0 native plugins for Editor in 0.00 ms.
Mono: successfully reloaded assembly
- Completed reload, in  1.091 seconds
Domain Reload Profiling:
	ReloadAssembly (1092ms)
		BeginReloadAssembly (155ms)
			ExecutionOrderSort (0ms)
			DisableScriptedObjects (0ms)
			BackupInstance (0ms)
			ReleaseScriptingObjects (0ms)
			CreateAndSetChildDomain (2ms)
		EndReloadAssembly (752ms)
			LoadAssemblies (149ms)
			RebuildTransferFunctionScriptingTraits (0ms)
			SetupTypeCache (163ms)
			ReleaseScriptCaches (0ms)
			RebuildScriptCaches (59ms)
			SetupLoadedEditorAssemblies (450ms)
				LogAssemblyErrors (0ms)
				InitializePlatformSupportModulesInManaged (11ms)
				SetLoadedEditorAssemblies (0ms)
				RefreshPlugins (145ms)
				BeforeProcessingInitializeOnLoad (3ms)
				ProcessInitializeOnLoadAttributes (209ms)
				ProcessInitializeOnLoadMethodAttributes (81ms)
				AfterProcessingInitializeOnLoad (0ms)
				EditorAssembliesLoaded (0ms)
			ExecutionOrderSort2 (0ms)
			AwakeInstancesAfterBackupRestoration (0ms)
Platform modules already initialized, skipping
Registering precompiled user dll's ...
Registered in 0.004613 seconds.
Begin MonoManager ReloadAssembly
Symbol file LoadedFromMemory doesn't match image D:\college\3-hk2\game\asg\520h0683_lab6\520h0683_terrain\Library\PackageCache\com.unity.visualscripting@1.8.0\Editor\VisualScripting.Core\Dependencies\YamlDotNet\Unity.VisualScripting.YamlDotNet.dll
Symbol file LoadedFromMemory doesn't match image D:\college\3-hk2\game\asg\520h0683_lab6\520h0683_terrain\Library\PackageCache\com.unity.visualscripting@1.8.0\Editor\VisualScripting.Core\Dependencies\DotNetZip\Unity.VisualScripting.IonicZip.dll
Native extension for WindowsStandalone target not found
Refreshing native plugins compatible for Editor in 1.31 ms, found 3 plugins.
Preloading 0 native plugins for Editor in 0.00 ms.
Mono: successfully reloaded assembly
- Completed reload, in  1.662 seconds
Domain Reload Profiling:
	ReloadAssembly (1664ms)
		BeginReloadAssembly (193ms)
			ExecutionOrderSort (0ms)
			DisableScriptedObjects (8ms)
			BackupInstance (0ms)
			ReleaseScriptingObjects (0ms)
			CreateAndSetChildDomain (28ms)
		EndReloadAssembly (1269ms)
			LoadAssemblies (114ms)
			RebuildTransferFunctionScriptingTraits (0ms)
			SetupTypeCache (440ms)
			ReleaseScriptCaches (1ms)
			RebuildScriptCaches (80ms)
			SetupLoadedEditorAssemblies (565ms)
				LogAssemblyErrors (0ms)
				InitializePlatformSupportModulesInManaged (12ms)
				SetLoadedEditorAssemblies (1ms)
				RefreshPlugins (1ms)
				BeforeProcessingInitializeOnLoad (142ms)
				ProcessInitializeOnLoadAttributes (367ms)
				ProcessInitializeOnLoadMethodAttributes (29ms)
				AfterProcessingInitializeOnLoad (12ms)
				EditorAssembliesLoaded (0ms)
			ExecutionOrderSort2 (0ms)
			AwakeInstancesAfterBackupRestoration (9ms)
Platform modules already initialized, skipping
========================================================================
Worker process is ready to serve import requests
Launched and connected shader compiler UnityShaderCompiler.exe after 0.08 seconds
Refreshing native plugins compatible for Editor in 0.90 ms, found 3 plugins.
Preloading 0 native plugins for Editor in 0.00 ms.
Unloading 3061 Unused Serialized files (Serialized files now loaded: 0)
Unloading 24 unused Assets / (113.8 KB). Loaded Objects now: 3549.
Memory consumption went from 127.2 MB to 127.1 MB.
Total: 4.326400 ms (FindLiveObjects: 0.359800 ms CreateObjectMapping: 0.144000 ms MarkObjects: 3.631300 ms  DeleteObjects: 0.189400 ms)

AssetImportParameters requested are different than current active one (requested -> active):
  custom:video-decoder-ogg-theora: a1e56fd34408186e4bbccfd4996cb3dc -> 
  custom:container-muxer-webm: aa71ff27fc2769a1b78a27578f13a17b -> 
  custom:container-demuxer-webm: 4f35f7cbe854078d1ac9338744f61a02 -> 
  custom:video-encoder-webm-vp8: eb34c28f22e8b96e1ab97ce403110664 -> 
  custom:audio-encoder-webm-vorbis: bf7c407c2cedff20999df2af8eb42d56 -> 
  custom:framework-win-MediaFoundation: 216162199b28c13a410421893ffa2e32 -> 
  custom:container-demuxer-ogg: 62fdf1f143b41e24485cea50d1cbac27 -> 
  custom:video-decoder-webm-vp8: 9c59270c3fd7afecdb556c50c9e8de78 -> 
  custom:audio-decoder-ogg-vorbis: bf7c407c2cedff20999df2af8eb42d56 -> 
========================================================================
Received Import Request.
  Time since last request: 237715.404597 seconds.
  path: Assets/Models/tutorialArena_01_static.fbx
  artifactKey: Guid(540efda4dfa72dc409a34eed415091e7) Importer(815301076,1909f56bfc062723c751e8b465ee728b)
Start importing Assets/Models/tutorialArena_01_static.fbx using Guid(540efda4dfa72dc409a34eed415091e7) Importer(815301076,1909f56bfc062723c751e8b465ee728b)  -> (artifact id: '2c6c104fa5d01c55eeafcb77564f6237') in 1.231939 seconds 
========================================================================
Received Import Request.
  Time since last request: 0.000045 seconds.
  path: Assets/Characters/Teddy2/TeddyBear_normal.tga
  artifactKey: Guid(0bfd3f86da2aaa94b9b4ab82801fa57b) Importer(815301076,1909f56bfc062723c751e8b465ee728b)
Start importing Assets/Characters/Teddy2/TeddyBear_normal.tga using Guid(0bfd3f86da2aaa94b9b4ab82801fa57b) Importer(815301076,1909f56bfc062723c751e8b465ee728b)  -> (artifact id: 'a391b4134e38e883c79bfc063c98160e') in 0.037442 seconds 
========================================================================
Received Import Request.
  Time since last request: 5.671648 seconds.
  path: Assets/Textures/propContainer_var01_NRM.psd
  artifactKey: Guid(417ce7c1edc8ed34a9cd57fad66b1240) Importer(815301076,1909f56bfc062723c751e8b465ee728b)
Start importing Assets/Textures/propContainer_var01_NRM.psd using Guid(417ce7c1edc8ed34a9cd57fad66b1240) Importer(815301076,1909f56bfc062723c751e8b465ee728b)  -> (artifact id: '2fdfd4ffcf43b31dcee12ae04b5efbb2') in 0.043027 seconds 
========================================================================
Received Import Request.
  Time since last request: 0.000040 seconds.
  path: Assets/Textures/propCrate_NRM.psd
  artifactKey: Guid(b98f7de53a3e7e447847f5db77911264) Importer(815301076,1909f56bfc062723c751e8b465ee728b)
Start importing Assets/Textures/propCrate_NRM.psd using Guid(b98f7de53a3e7e447847f5db77911264) Importer(815301076,1909f56bfc062723c751e8b465ee728b)  -> (artifact id: '808e636987d959c9534fb63e26187da6') in 0.044894 seconds 
========================================================================
Received Import Request.
  Time since last request: 0.000053 seconds.
  path: Assets/Textures/tileWoodPlywood_var04_DFF.psd
  artifactKey: Guid(a160a04ef0c84464a94dd08669226e0e) Importer(815301076,1909f56bfc062723c751e8b465ee728b)
Start importing Assets/Textures/tileWoodPlywood_var04_DFF.psd using Guid(a160a04ef0c84464a94dd08669226e0e) Importer(815301076,1909f56bfc062723c751e8b465ee728b)  -> (artifact id: '31685879734b66eca82c6c26edf0d894') in 0.028616 seconds 
========================================================================
Received Import Request.
  Time since last request: 0.000114 seconds.
  path: Assets/Textures/propContainer_var02_DFF.psd
  artifactKey: Guid(88bb36969d0572a4594f566b5d3320f1) Importer(815301076,1909f56bfc062723c751e8b465ee728b)
Start importing Assets/Textures/propContainer_var02_DFF.psd using Guid(88bb36969d0572a4594f566b5d3320f1) Importer(815301076,1909f56bfc062723c751e8b465ee728b)  -> (artifact id: '26f80cdf16175c4500678ca42b2db77d') in 0.025489 seconds 
========================================================================
Received Import Request.
  Time since last request: 0.000055 seconds.
  path: Assets/Textures/tileWoodPlywood_var03_DFF.psd
  artifactKey: Guid(9aa9cf72dbacc8744bcf54f280fd3bde) Importer(815301076,1909f56bfc062723c751e8b465ee728b)
Start importing Assets/Textures/tileWoodPlywood_var03_DFF.psd using Guid(9aa9cf72dbacc8744bcf54f280fd3bde) Importer(815301076,1909f56bfc062723c751e8b465ee728b)  -> (artifact id: '393b7b59bd9ce109176fec0ea66e9362') in 0.023750 seconds 
========================================================================
Received Import Request.
  Time since last request: 0.000039 seconds.
  path: Assets/Textures/tileMetalGavanised_DFF.psd
  artifactKey: Guid(5b3e198c71b316548b0feb708750074e) Importer(815301076,1909f56bfc062723c751e8b465ee728b)
Start importing Assets/Textures/tileMetalGavanised_DFF.psd using Guid(5b3e198c71b316548b0feb708750074e) Importer(815301076,1909f56bfc062723c751e8b465ee728b)  -> (artifact id: '757a1a23b417be4ea5b67218531ef3a5') in 0.024812 seconds 
========================================================================
Received Import Request.
  Time since last request: 0.000046 seconds.
  path: Assets/Textures/tileWoodPlywood_var01_DFF.psd
  artifactKey: Guid(d88294ccfe0ea8649b74a48549807995) Importer(815301076,1909f56bfc062723c751e8b465ee728b)
Start importing Assets/Textures/tileWoodPlywood_var01_DFF.psd using Guid(d88294ccfe0ea8649b74a48549807995) Importer(815301076,1909f56bfc062723c751e8b465ee728b)  -> (artifact id: '27dfbb801d1d0ab301d295bfb6b0a9ea') in 0.027337 seconds 
========================================================================
Received Import Request.
  Time since last request: 0.000070 seconds.
  path: Assets/Textures/tileMetalCorrugated_var01_DFF.psd
  artifactKey: Guid(ac038d30d9736fa46b1aeb7275406c79) Importer(815301076,1909f56bfc062723c751e8b465ee728b)
Start importing Assets/Textures/tileMetalCorrugated_var01_DFF.psd using Guid(ac038d30d9736fa46b1aeb7275406c79) Importer(815301076,1909f56bfc062723c751e8b465ee728b)  -> (artifact id: 'be1937cadd3c55bd18a96f72822b7fc2') in 0.022952 seconds 
========================================================================
Received Import Request.
  Time since last request: 0.000053 seconds.
  path: Assets/Textures/tileWoodPlywood_var02_DFF.psd
  artifactKey: Guid(9554ac0e7074a2b47adeb3eaed3fc58d) Importer(815301076,1909f56bfc062723c751e8b465ee728b)
Start importing Assets/Textures/tileWoodPlywood_var02_DFF.psd using Guid(9554ac0e7074a2b47adeb3eaed3fc58d) Importer(815301076,1909f56bfc062723c751e8b465ee728b)  -> (artifact id: 'ceada2aedc1e351a5360c211c7210a07') in 0.024626 seconds 
========================================================================
Received Import Request.
  Time since last request: 0.000058 seconds.
  path: Assets/Textures/tileMetalCorrugated_var02_DFF.psd
  artifactKey: Guid(7d5bdb6148b6c174ebdae60643c6bebc) Importer(815301076,1909f56bfc062723c751e8b465ee728b)
Start importing Assets/Textures/tileMetalCorrugated_var02_DFF.psd using Guid(7d5bdb6148b6c174ebdae60643c6bebc) Importer(815301076,1909f56bfc062723c751e8b465ee728b)  -> (artifact id: '6ee4bcdb1028fe8e0c3d97dc98d7cba5') in 0.020615 seconds 
Editor requested this worker to shutdown with reason: Scaling down because of idle timeout
AssetImportWorker is now disconnected from the server
Process exiting
Exiting without the bug reporter. Application will terminate with return code 0